<?xml version="1.0" encoding="UTF-8"?>
<!-- Generated by org.testng.reporters.JUnitReportReporter -->
<testsuite hostname="Ramsai" failures="0" tests="1" name="Files.ContextclickTest" time="24.921" errors="0" timestamp="2022-08-01T13:25:27 IST" skipped="0">
  <testcase classname="Files.ContextclickTest" name="RightClickCheck" time="24.921"/>
  <system-out/>
</testsuite> <!-- Files.ContextclickTest -->
