<?xml version="1.0" encoding="UTF-8"?>
<!-- Generated by org.testng.reporters.JUnitReportReporter -->
<testsuite hostname="Ramsai" failures="0" tests="1" name="Files.CheckBoxes" time="19.797" errors="0" timestamp="2022-08-01T13:16:14 IST" skipped="0">
  <testcase classname="Files.CheckBoxes" name="CheckBoxesTest" time="19.797"/>
  <system-out/>
</testsuite> <!-- Files.CheckBoxes -->
