<?xml version="1.0" encoding="UTF-8"?>
<!-- Generated by org.testng.reporters.JUnitReportReporter -->
<testsuite hostname="Ramsai" failures="0" tests="1" name="Files.WbdrvrLoc" time="12.023" errors="0" timestamp="2022-08-01T12:15:17 IST" skipped="0">
  <testcase classname="Files.WbdrvrLoc" name="BrokenImagetest" time="12.023"/>
  <system-out/>
</testsuite> <!-- Files.WbdrvrLoc -->
