<?xml version="1.0" encoding="UTF-8"?>
<!-- Generated by org.testng.reporters.JUnitReportReporter -->
<testsuite hostname="Ramsai" failures="0" tests="1" name="Files.Basic_Auth" time="19.312" errors="0" timestamp="2022-08-01T13:35:53 IST" skipped="0">
  <testcase classname="Files.Basic_Auth" name="Auth" time="19.312"/>
  <system-out/>
</testsuite> <!-- Files.Basic_Auth -->
